app/build/outputs/mapping/release/seeds.txt
com.codekong.wuzilianzhu.MainActivity
com.codekong.wuzilianzhu.MainActivity: MainActivity()
com.codekong.wuzilianzhu.R$anim: int abc_fade_in
com.codekong.wuzilianzhu.R$anim: int abc_fade_out
com.codekong.wuzilianzhu.R$anim: int abc_grow_fade_in_from_bottom
com.codekong.wuzilianzhu.R$anim: int abc_popup_enter
com.codekong.wuzilianzhu.R$anim: int abc_popup_exit
com.codekong.wuzilianzhu.R$anim: int abc_shrink_fade_out_from_bottom
com.codekong.wuzilianzhu.R$anim: int abc_slide_in_bottom
com.codekong.wuzilianzhu.R$anim: int abc_slide_in_top
com.codekong.wuzilianzhu.R$anim: int abc_slide_out_bottom
com.codekong.wuzilianzhu.R$anim: int abc_slide_out_top
com.codekong.wuzilianzhu.R$anim: R$anim()
com.codekong.wuzilianzhu.R$attr: int actionBarDivider
com.codekong.wuzilianzhu.R$attr: int actionBarItemBackground
com.codekong.wuzilianzhu.R$attr: int actionBarPopupTheme
com.codekong.wuzilianzhu.R$attr: int actionBarSize
com.codekong.wuzilianzhu.R$attr: int actionBarSplitStyle
com.codekong.wuzilianzhu.R$attr: int actionBarStyle
com.codekong.wuzilianzhu.R$attr: int actionBarTabBarStyle
com.codekong.wuzilianzhu.R$attr: int actionBarTabStyle
com.codekong.wuzilianzhu.R$attr: int actionBarTabTextStyle
com.codekong.wuzilianzhu.R$attr: int actionBarTheme
com.codekong.wuzilianzhu.R$attr: int actionBarWidgetTheme
com.codekong.wuzilianzhu.R$attr: int actionButtonStyle
com.codekong.wuzilianzhu.R$attr: int actionDropDownStyle
com.codekong.wuzilianzhu.R$attr: int actionLayout
com.codekong.wuzilianzhu.R$attr: int actionMenuTextAppearance
com.codekong.wuzilianzhu.R$attr: int actionMenuTextColor
com.codekong.wuzilianzhu.R$attr: int actionModeBackground
com.codekong.wuzilianzhu.R$attr: int actionModeCloseButtonStyle
com.codekong.wuzilianzhu.R$attr: int actionModeCloseDrawable
com.codekong.wuzilianzhu.R$attr: int actionModeCopyDrawable
com.codekong.wuzilianzhu.R$attr: int actionModeCutDrawable
com.codekong.wuzilianzhu.R$attr: int actionModeFindDrawable
com.codekong.wuzilianzhu.R$attr: int actionModePasteDrawable
com.codekong.wuzilianzhu.R$attr: int actionModePopupWindowStyle
com.codekong.wuzilianzhu.R$attr: int actionModeSelectAllDrawable
com.codekong.wuzilianzhu.R$bool: int abc_action_bar_embed_tabs
com.codekong.wuzilianzhu.R$bool: int abc_allow_stacked_button_bar
com.codekong.wuzilianzhu.R$bool: int abc_config_actionMenuItemAllCaps
com.codekong.wuzilianzhu.R$bool: int abc_config_closeDialogWhenTouchOutside
com.codekong.wuzilianzhu.R$bool: int abc_config_showMenuShortcutsWhenKeyboardPresent
com.codekong.wuzilianzhu.R$bool: R$bool()
com.codekong.wuzilianzhu.R$color: int abc_background_cache_hint_selector_material_dark
com.codekong.wuzilianzhu.R$color: int abc_background_cache_hint_selector_material_light
com.codekong.wuzilianzhu.R$color: int abc_btn_colored_borderless_text_material
com.codekong.wuzilianzhu.R$color: int abc_color_highlight_material
com.codekong.wuzilianzhu.R$color: int abc_input_method_navigation_guard
com.codekong.wuzilianzhu.R$color: int abc_primary_text_disable_only_material_dark
com.codekong.wuzilianzhu.R$color: int abc_primary_text_disable_only_material_light
com.codekong.wuzilianzhu.R$color: int abc_primary_text_material_dark
com.codekong.wuzilianzhu.R$color: int abc_primary_text_material_light
com.codekong.wuzilianzhu.R$color: int abc_search_url_text
com.codekong.wuzilianzhu.R$color: int abc_search_url_text_normal
com.codekong.wuzilianzhu.R$color: int abc_search_url_text_pressed
com.codekong.wuzilianzhu.R$color: int abc_search_url_text_selected
com.codekong.wuzilianzhu.R$color: int abc_secondary_text_material_dark
com.codekong.wuzilianzhu.R$color: int abc_secondary_text_material_light
com.codekong.wuzilianzhu.R$color: int abc_tint_btn_checkable
com.codekong.wuzilianzhu.R$color: int abc_tint_default
com.codekong.wuzilianzhu.R$color: int abc_tint_edittext
com.codekong.wuzilianzhu.R$color: int abc_tint_seek_thumb
com.codekong.wuzilianzhu.R$color: int abc_tint_spinner
com.codekong.wuzilianzhu.R$color: int abc_tint_switch_thumb
...
com.codekong.wuziqi.R$layout: int abc_action_bar_title_item
com.codekong.wuziqi.R$layout: int abc_action_bar_up_container
com.codekong.wuziqi.R$layout: int abc_action_bar_view_list_nav_layout
com.codekong.wuziqi.R$layout: int abc_action_menu_item_layout
com.codekong.wuziqi.R$layout: int abc_action_menu_layout
com.codekong.wuziqi.R$layout: int abc_action_mode_bar
com.codekong.wuziqi.R$layout: int abc_action_mode_close_item_material
com.codekong.wuziqi.R$layout: int abc_activity_chooser_view
com.codekong.wuziqi.R$layout: int abc_activity_chooser_view_list_item
com.codekong.wuziqi.R$layout: int abc_alert_dialog_button_bar_material
com.codekong.wuziqi.R$layout: int abc_alert_dialog_material
com.codekong.wuziqi.R$layout: int abc_dialog_title_material
com.codekong.wuziqi.R$layout: int abc_expanded_menu_layout
com.codekong.wuziqi.R$layout: int abc_list_menu_item_checkbox
com.codekong.wuziqi.R$layout: int abc_list_menu_item_icon
com.codekong.wuziqi.R$layout: int abc_list_menu_item_layout
com.codekong.wuziqi.R$layout: int abc_list_menu_item_radio
com.codekong.wuziqi.R$layout: int abc_popup_menu_header_item_layout
com.codekong.wuziqi.R$layout: int abc_popup_menu_item_layout
com.codekong.wuziqi.R$layout: int abc_screen_content_include
com.codekong.wuziqi.R$layout: int abc_screen_simple
com.codekong.wuziqi.R$layout: int abc_screen_simple_overlay_action_mode
com.codekong.wuziqi.R$layout: int abc_screen_toolbar
com.codekong.wuziqi.R$layout: int abc_search_dropdown_item_icons_2line
com.codekong.wuziqi.R$mipmap: int ic_launcher
com.codekong.wuziqi.R$mipmap: R$mipmap()
com.codekong.wuziqi.R$string: int abc_action_bar_home_description
com.codekong.wuziqi.R$string: int abc_action_bar_home_description_format
com.codekong.wuziqi.R$string: int abc_action_bar_home_subtitle_description_format
com.codekong.wuziqi.R$string: int abc_action_bar_up_description
com.codekong.wuziqi.R$string: int abc_action_menu_overflow_description
com.codekong.wuziqi.R$string: int abc_action_mode_done
com.codekong.wuziqi.R$string: int abc_activity_chooser_view_see_all
com.codekong.wuziqi.R$string: int abc_activitychooserview_choose_application
com.codekong.wuziqi.R$string: int abc_capital_off
com.codekong.wuziqi.R$string: int abc_capital_on
com.codekong.wuziqi.R$string: int abc_font_family_body_1_material
com.codekong.wuziqi.R$string: int abc_font_family_body_2_material
com.codekong.wuziqi.R$string: int abc_font_family_button_material
com.codekong.wuziqi.R$string: int abc_font_family_caption_material
com.codekong.wuziqi.R$string: int abc_font_family_display_1_material
com.codekong.wuziqi.R$string: int abc_font_family_display_2_material
com.codekong.wuziqi.R$string: int abc_font_family_display_3_material
com.codekong.wuziqi.R$string: int abc_font_family_display_4_material
com.codekong.wuziqi.R$string: int abc_font_family_headline_material
com.codekong.wuziqi.R$string: int abc_font_family_menu_material
com.codekong.wuziqi.R$string: int abc_font_family_subhead_material
com.codekong.wuziqi.R$string: int abc_font_family_title_material