app/build/outputs/mapping/release/mapping.txt
com.codekong.wuzilianzhu.MainActivity -> com.codekong.wuzilianzhu.MainActivity:
    7:7:void <init>() -> <init>
    10:12:void onCreate(android.os.Bundle) -> onCreate
com.codekong.wuzilianzhu.WelcomeActivity -> com.codekong.wuzilianzhu.WelcomeActivity:
    8:8:void <init>() -> <init>
    12:16:void onCreate(android.os.Bundle) -> onCreate
    20:22:void initUI() -> i
    26:31:void onClick(android.view.View) -> onClick
    35:37:void startGame() -> j
com.codekong.wuzilianzhu.WuZiQiActivity -> com.codekong.wuzilianzhu.WuZiQiActivity:
    com.codekong.wuzilianzhu.WuziqiPanel wuziqiPanel -> m
    android.widget.TextView firstPieceTv -> n
    16:16:void <init>() -> <init>
    22:27:void onCreate(android.os.Bundle) -> onCreate
    31:39:void initData() -> i
    42:46:void initUI() -> j
    83:88:void gameOver(boolean) -> b
com.codekong.wuzilianzhu.WuZiQiActivity$App -> com.codekong.wuzilianzhu.WuZiQiActivity$App:
    48:48:void <init>() -> <init>
    51:72:void onCreate() -> onCreate
com.codekong.wuzilianzhu.WuZiQiActivity$App$1 -> com.codekong.wuzilianzhu.WuZiQiActivity$App$1:
    com.codekong.wuzilianzhu.WuZiQiActivity$App this$0 -> a
    63:63:void <init>(com.codekong.wuzilianzhu.WuZiQiActivity$App) -> <init>
    67:67:com.xiaomi.mistatistic.sdk.data.HttpEvent onEvent(com.xiaomi.mistatistic.sdk.data.HttpEvent) -> a
com.codekong.wuzilianzhu.WuZiQiActivity$Utils -> com.codekong.wuzilianzhu.WuZiQiActivity$a:
    94:104:void showGameOverDialog(android.content.Context,com.codekong.wuzilianzhu.WuziqiPanel,int) -> a
com.codekong.wuzilianzhu.WuZiQiActivity$Utils$1 -> com.codekong.wuzilianzhu.WuZiQiActivity$a$1:
    com.codekong.wuzilianzhu.WuziqiPanel val$wuziqiPanel -> a
    97:97:void <init>(com.codekong.wuzilianzhu.WuziqiPanel) -> <init>
    100:101:void onClick(android.content.DialogInterface,int) -> onClick
com.codekong.wuzilianzhu.WuziqiPanel -> com.codekong.wuzilianzhu.WuziqiPanel:
    int mPanelWidth -> a
    float mLineHeight -> b
    int MAX_LINE_NUM -> c
    android.graphics.Paint mPaint -> d
    android.graphics.Bitmap mWhitePiece -> e
    android.graphics.Bitmap mBlackPiece -> f
    float pieceScaleRatio -> g
    java.util.ArrayList mWhiteArray -> h
    java.util.ArrayList mBlackArray -> i
    boolean isWhiteFirst -> j
    boolean isGameOver -> k
    boolean isWhiteWinner -> l
    com.codekong.wuzilianzhu.WuziqiPanel$OnGameOverListener onGameOverListener -> m
    44:45:void <init>(android.content.Context) -> <init>
    48:49:void <init>(android.content.Context,android.util.AttributeSet) -> <init>
    22:54:void <init>(android.content.Context,android.util.AttributeSet,int) -> <init>
    58:66:void init() -> b
    71:87:void onMeasure(int,int) -> onMeasure
    91:101:void onSizeChanged(int,int,int,int) -> onSizeChanged
    106:111:void onDraw(android.graphics.Canvas) -> onDraw
    115:128:void drawBoard(android.graphics.Canvas) -> a
    133:146:void drawPieces(android.graphics.Canvas) -> b
    151:171:boolean onTouchEvent(android.view.MotionEvent) -> onTouchEvent
    176:177:android.graphics.Point getValidPoint(int,int) -> a
    182:189:void checkGameOver() -> c
    193:198:void restart() -> a
    201:202:void setOnGameOverListener(com.codekong.wuzilianzhu.WuziqiPanel$OnGameOverListener) -> setOnGameOverListener
    209:210:void setFirstPiece(boolean) -> setFirstPiece
com.codekong.wuzilianzhu.WuziqiPanel$OnGameOverListener -> com.codekong.wuzilianzhu.WuziqiPanel$a:
    void gameOver(boolean) -> b
com.codekong.wuzilianzhu.WuziqiUtil -> com.codekong.wuzilianzhu.a:
    13:27:boolean checkFiveInLine(java.util.List) -> a
    32:52:boolean checkHorizontal(int,int,java.util.List) -> a
    57:77:boolean checkVertical(int,int,java.util.List) -> b
    82:102:boolean checkLeftDiagonal(int,int,java.util.List) -> c
    107:127:boolean checkRightDiagonal(int,int,java.util.List) -> d
...
android.support.v7.view.menu.MenuView$ItemView -> android.support.v7.view.menu.p$a:
    void initialize(android.support.v7.view.menu.MenuItemImpl,int) -> a
    android.support.v7.view.menu.MenuItemImpl getItemData() -> getItemData
    boolean prefersCondensedTitle() -> a
android.support.v7.view.menu.MenuWrapperFactory -> android.support.v7.view.menu.q:
    36:39:android.view.Menu wrapSupportMenu(android.content.Context,android.support.v4.internal.view.SupportMenu) -> a
    43:48:android.view.MenuItem wrapSupportMenuItem(android.content.Context,android.support.v4.internal.view.SupportMenuItem) -> a
    52:55:android.view.SubMenu wrapSupportSubMenu(android.content.Context,android.support.v4.internal.view.SupportSubMenu) -> a
android.support.v7.view.menu.MenuWrapperICS -> android.support.v7.view.menu.r:
    35:36:void <init>(android.content.Context,android.support.v4.internal.view.SupportMenu) -> <init>
    40:40:android.view.MenuItem add(java.lang.CharSequence) -> add
    45:45:android.view.MenuItem add(int) -> add
    50:50:android.view.MenuItem add(int,int,int,java.lang.CharSequence) -> add
    55:55:android.view.MenuItem add(int,int,int,int) -> add
    60:60:android.view.SubMenu addSubMenu(java.lang.CharSequence) -> addSubMenu
    65:65:android.view.SubMenu addSubMenu(int) -> addSubMenu
    70:70:android.view.SubMenu addSubMenu(int,int,int,java.lang.CharSequence) -> addSubMenu
    75:76:android.view.SubMenu addSubMenu(int,int,int,int) -> addSubMenu
    82:96:int addIntentOptions(int,int,int,android.content.ComponentName,android.content.Intent[],android.content.Intent,int,android.view.MenuItem[]) -> addIntentOptions
    101:103:void removeItem(int) -> removeItem
    107:109:void removeGroup(int) -> removeGroup
    113:115:void clear() -> clear
    119:120:void setGroupCheckable(int,boolean,boolean) -> setGroupCheckable
    124:125:void setGroupVisible(int,boolean) -> setGroupVisible
    129:130:void setGroupEnabled(int,boolean) -> setGroupEnabled
    134:134:boolean hasVisibleItems() -> hasVisibleItems
    139:139:android.view.MenuItem findItem(int) -> findItem
    144:144:int size() -> size
    149:149:android.view.MenuItem getItem(int) -> getItem
    154:155:void close() -> close
android.support.v7.view.menu.ShowableListMenu -> android.support.v7.view.menu.s:
    void show() -> a
    void dismiss() -> c
    boolean isShowing() -> d
    android.widget.ListView getListView() -> e
android.support.v7.view.menu.StandardMenuPopup -> android.support.v7.view.menu.t:
    android.content.Context mContext -> a
    android.support.v7.view.menu.MenuBuilder mMenu -> b
    android.support.v7.view.menu.MenuAdapter mAdapter -> c
    boolean mOverflowOnly -> d
    int mPopupMaxWidth -> e
    int mPopupStyleAttr -> f
    int mPopupStyleRes -> g
    android.support.v7.widget.MenuPopupWindow mPopup -> h
    android.view.ViewTreeObserver$OnGlobalLayoutListener mGlobalLayoutListener -> i
    android.widget.PopupWindow$OnDismissListener mOnDismissListener -> j
    android.view.View mAnchorView -> k
    android.view.View mShownAnchorView -> l
    android.support.v7.view.menu.MenuPresenter$Callback mPresenterCallback -> m
    android.view.ViewTreeObserver mTreeObserver -> n
    boolean mWasDismissed -> o
    boolean mHasContentWidth -> p
    int mContentWidth -> q
    int mDropDownGravity -> r
    boolean mShowTitle -> s
    58:116:void <init>(android.content.Context,android.support.v7.view.menu.MenuBuilder,android.view.View,int,int,boolean) -> <init>
    120:121:void setForceShowIcon(boolean) -> a
    125:126:void setGravity(int) -> a
    129:182:boolean tryShow() -> h
    187:190:void show() -> a
    194:197:void dismiss() -> c
    202:202:void addMenu(android.support.v7.view.menu.MenuBuilder) -> a
    206:206:boolean isShowing() -> d
    211:222:void onDismiss() -> onDismiss
    226:231:void updateMenuView(boolean) -> b