app/build/outputs/mapping/release/usage.txt
com.codekong.wuzilianzhu.BuildConfig
com.codekong.wuzilianzhu.R
com.codekong.wuzilianzhu.R$anim
com.codekong.wuzilianzhu.R$attr
com.codekong.wuzilianzhu.R$bool
com.codekong.wuzilianzhu.R$color
com.codekong.wuzilianzhu.R$dimen
com.codekong.wuzilianzhu.R$drawable
com.codekong.wuzilianzhu.R$id
com.codekong.wuzilianzhu.R$integer
com.codekong.wuzilianzhu.R$layout
com.codekong.wuzilianzhu.R$mipmap
com.codekong.wuzilianzhu.R$string
com.codekong.wuzilianzhu.R$style
com.codekong.wuzilianzhu.R$styleable
com.codekong.wuzilianzhu.WuZiQiActivity$AppConfig
com.codekong.wuzilianzhu.WuZiQiActivity$Utils:
    90:90:public WuZiQiActivity$Utils()
com.codekong.wuzilianzhu.WuziqiUtil:
    public static final int MAX_COUNT_IN_LINE
    7:7:public WuziqiUtil()
...
android.support.v4.media.VolumeProviderCompat$Callback
android.support.v4.media.VolumeProviderCompat$ControlType
android.support.v4.media.VolumeProviderCompatApi21
android.support.v4.media.VolumeProviderCompatApi21$1
android.support.v4.media.VolumeProviderCompatApi21$Delegate
android.support.v4.media.session.IMediaControllerCallback
android.support.v4.media.session.IMediaControllerCallback$Stub
android.support.v4.media.session.IMediaControllerCallback$Stub$Proxy
android.support.v4.media.session.IMediaSession
android.support.v4.media.session.IMediaSession$Stub
android.support.v4.media.session.IMediaSession$Stub$Proxy
android.support.v4.media.session.MediaButtonReceiver:
    private static final java.lang.String TAG
    136:144:public static android.view.KeyEvent handleIntent(android.support.v4.media.session.MediaSessionCompat,android.content.Intent)
    170:176:public static android.app.PendingIntent buildMediaButtonPendingIntent(android.content.Context,long)
    203:216:public static android.app.PendingIntent buildMediaButtonPendingIntent(android.content.Context,android.content.ComponentName,long)
    220:232:static android.content.ComponentName getMediaButtonReceiverComponent(android.content.Context)
android.support.v4.media.session.MediaControllerCompat
android.support.v4.media.session.MediaControllerCompat$1
android.support.v4.media.session.MediaControllerCompat$Callback
android.support.v4.media.session.MediaControllerCompat$Callback$MessageHandler
android.support.v4.media.session.MediaControllerCompat$Callback$StubApi21
android.support.v4.media.session.MediaControllerCompat$Callback$StubCompat
android.support.v4.media.session.MediaControllerCompat$MediaControllerImpl
android.support.v4.media.session.MediaControllerCompat$MediaControllerImplApi21
android.support.v4.media.session.MediaControllerCompat$MediaControllerImplApi23
android.support.v4.media.session.MediaControllerCompat$MediaControllerImplApi24
android.support.v4.media.session.MediaControllerCompat$MediaControllerImplBase
android.support.v4.media.session.MediaControllerCompat$PlaybackInfo
android.support.v4.media.session.MediaControllerCompat$TransportControls
android.support.v4.media.session.MediaControllerCompat$TransportControlsApi21
android.support.v4.media.session.MediaControllerCompat$TransportControlsApi23
android.support.v4.media.session.MediaControllerCompat$TransportControlsApi24
android.support.v4.media.session.MediaControllerCompat$TransportControlsBase
android.support.v4.media.session.MediaControllerCompatApi21
android.support.v4.media.session.MediaControllerCompatApi21$Callback
android.support.v4.media.session.MediaControllerCompatApi21$CallbackProxy
android.support.v4.media.session.MediaControllerCompatApi21$PlaybackInfo
android.support.v4.media.session.MediaControllerCompatApi21$TransportControls
android.support.v4.media.session.MediaControllerCompatApi23
android.support.v4.media.session.MediaControllerCompatApi23$TransportControls
android.support.v4.media.session.MediaControllerCompatApi24
android.support.v4.media.session.MediaControllerCompatApi24$TransportControls